2017-09-28T07:56:56+00:00 DEBUG (7): Array
(
    [url] => https://api-3t.sandbox.paypal.com/nvp
    [SetExpressCheckout] => Array
        (
            [PAYMENTACTION] => Authorization
            [AMT] => 60.00
            [CURRENCYCODE] => USD
            [RETURNURL] => http://greenfarm.dev/english/paypal/express/return/
            [CANCELURL] => http://greenfarm.dev/english/paypal/express/cancel/
            [INVNUM] => 145000006
            [SOLUTIONTYPE] => Mark
            [GIROPAYCANCELURL] => http://greenfarm.dev/english/paypal/express/cancel/
            [GIROPAYSUCCESSURL] => http://greenfarm.dev/english/checkout/onepage/success/
            [BANKTXNPENDINGURL] => http://greenfarm.dev/english/checkout/onepage/success/
            [LOCALECODE] => en_US
            [ITEMAMT] => 55.00
            [TAXAMT] => 0.00
            [SHIPPINGAMT] => 5.00
            [L_NUMBER0] => acj0006s
            [L_NAME0] => Blue Horizons Bracelets
            [L_QTY0] => 1
            [L_AMT0] => 55.00
            [BUSINESS] => fuck you
            [NOTETEXT] => 
            [EMAIL] => phamcongtam231@gmail.com
            [FIRSTNAME] => cuc
            [LASTNAME] => cut
            [MIDDLENAME] => 
            [SALUTATION] => 
            [SUFFIX] => 
            [COUNTRYCODE] => VN
            [STATE] => Tan Binh
            [CITY] => HCm
            [STREET] => Hong Ha
            [ZIP] => 70000
            [PHONENUM] => 0987867352
            [SHIPTOCOUNTRYCODE] => VN
            [SHIPTOSTATE] => Tan Binh
            [SHIPTOCITY] => HCm
            [SHIPTOSTREET] => Hong Ha
            [SHIPTOZIP] => 70000
            [SHIPTOPHONENUM] => 0987867352
            [SHIPTOSTREET2] => 
            [STREET2] => 
            [SHIPTONAME] => cuc cut
            [ADDROVERRIDE] => 1
            [METHOD] => SetExpressCheckout
            [VERSION] => 72.0
            [USER] => ****
            [PWD] => ****
            [SIGNATURE] => ****
            [BUTTONSOURCE] => Magento_Cart_Community
        )

    [response] => Array
        (
            [TOKEN] => EC-0GE10649DH706053R
            [TIMESTAMP] => 2017-09-28T07:56:56Z
            [CORRELATIONID] => 4158695e977b7
            [ACK] => Success
            [VERSION] => 72.0
            [BUILD] => 39073839
        )

    [__pid] => 10059
)

2017-09-28T08:00:51+00:00 DEBUG (7): Array
(
    [url] => https://api-3t.sandbox.paypal.com/nvp
    [SetExpressCheckout] => Array
        (
            [PAYMENTACTION] => Authorization
            [AMT] => 60.00
            [CURRENCYCODE] => USD
            [RETURNURL] => http://greenfarm.dev/english/paypal/express/return/
            [CANCELURL] => http://greenfarm.dev/english/paypal/express/cancel/
            [INVNUM] => 145000006
            [SOLUTIONTYPE] => Mark
            [GIROPAYCANCELURL] => http://greenfarm.dev/english/paypal/express/cancel/
            [GIROPAYSUCCESSURL] => http://greenfarm.dev/english/checkout/onepage/success/
            [BANKTXNPENDINGURL] => http://greenfarm.dev/english/checkout/onepage/success/
            [LOCALECODE] => en_US
            [ITEMAMT] => 55.00
            [TAXAMT] => 0.00
            [SHIPPINGAMT] => 5.00
            [L_NUMBER0] => acj0006s
            [L_NAME0] => Blue Horizons Bracelets
            [L_QTY0] => 1
            [L_AMT0] => 55.00
            [BUSINESS] => fuck you
            [NOTETEXT] => 
            [EMAIL] => phamcongtam231@gmail.com
            [FIRSTNAME] => cuc
            [LASTNAME] => cut
            [MIDDLENAME] => 
            [SALUTATION] => 
            [SUFFIX] => 
            [COUNTRYCODE] => VN
            [STATE] => Tan Binh
            [CITY] => HCm
            [STREET] => Hong Ha
            [ZIP] => 70000
            [PHONENUM] => 0987867352
            [SHIPTOCOUNTRYCODE] => VN
            [SHIPTOSTATE] => Tan Binh
            [SHIPTOCITY] => HCm
            [SHIPTOSTREET] => Hong Ha
            [SHIPTOZIP] => 70000
            [SHIPTOPHONENUM] => 0987867352
            [SHIPTOSTREET2] => 
            [STREET2] => 
            [SHIPTONAME] => cuc cut
            [ADDROVERRIDE] => 1
            [METHOD] => SetExpressCheckout
            [VERSION] => 72.0
            [USER] => ****
            [PWD] => ****
            [SIGNATURE] => ****
            [BUTTONSOURCE] => Magento_Cart_Community
        )

    [response] => Array
        (
            [TOKEN] => EC-39N95233NF7652423
            [TIMESTAMP] => 2017-09-28T08:00:51Z
            [CORRELATIONID] => 806deb674b61d
            [ACK] => Success
            [VERSION] => 72.0
            [BUILD] => 39073839
        )

    [__pid] => 9742
)

2017-09-28T08:04:04+00:00 DEBUG (7): Array
(
    [url] => https://api-3t.sandbox.paypal.com/nvp
    [SetExpressCheckout] => Array
        (
            [PAYMENTACTION] => Authorization
            [AMT] => 60.00
            [CURRENCYCODE] => USD
            [RETURNURL] => http://greenfarm.dev/english/paypal/express/return/
            [CANCELURL] => http://greenfarm.dev/english/paypal/express/cancel/
            [INVNUM] => 145000006
            [SOLUTIONTYPE] => Mark
            [GIROPAYCANCELURL] => http://greenfarm.dev/english/paypal/express/cancel/
            [GIROPAYSUCCESSURL] => http://greenfarm.dev/english/checkout/onepage/success/
            [BANKTXNPENDINGURL] => http://greenfarm.dev/english/checkout/onepage/success/
            [LOCALECODE] => en_US
            [ITEMAMT] => 55.00
            [TAXAMT] => 0.00
            [SHIPPINGAMT] => 5.00
            [L_NUMBER0] => acj0006s
            [L_NAME0] => Blue Horizons Bracelets
            [L_QTY0] => 1
            [L_AMT0] => 55.00
            [BUSINESS] => fuck you
            [NOTETEXT] => 
            [EMAIL] => phamcongtam231@gmail.com
            [FIRSTNAME] => cuc
            [LASTNAME] => cut
            [MIDDLENAME] => 
            [SALUTATION] => 
            [SUFFIX] => 
            [COUNTRYCODE] => VN
            [STATE] => Tan Binh
            [CITY] => HCm
            [STREET] => Hong Ha
            [ZIP] => 70000
            [PHONENUM] => 0987867352
            [SHIPTOCOUNTRYCODE] => VN
            [SHIPTOSTATE] => Tan Binh
            [SHIPTOCITY] => HCm
            [SHIPTOSTREET] => Hong Ha
            [SHIPTOZIP] => 70000
            [SHIPTOPHONENUM] => 0987867352
            [SHIPTOSTREET2] => 
            [STREET2] => 
            [SHIPTONAME] => cuc cut
            [ADDROVERRIDE] => 1
            [METHOD] => SetExpressCheckout
            [VERSION] => 72.0
            [USER] => ****
            [PWD] => ****
            [SIGNATURE] => ****
            [BUTTONSOURCE] => Magento_Cart_Community
        )

    [response] => Array
        (
            [TOKEN] => EC-38C81793DC574260R
            [TIMESTAMP] => 2017-09-28T08:04:04Z
            [CORRELATIONID] => d54f0be0a8
            [ACK] => Success
            [VERSION] => 72.0
            [BUILD] => 39073839
        )

    [__pid] => 9717
)

2017-09-28T08:09:31+00:00 DEBUG (7): Array
(
    [url] => https://api-3t.sandbox.paypal.com/nvp
    [SetExpressCheckout] => Array
        (
            [PAYMENTACTION] => Authorization
            [AMT] => 60.00
            [CURRENCYCODE] => USD
            [RETURNURL] => http://greenfarm.dev/english/paypal/express/return/
            [CANCELURL] => http://greenfarm.dev/english/paypal/express/cancel/
            [INVNUM] => 145000006
            [SOLUTIONTYPE] => Mark
            [GIROPAYCANCELURL] => http://greenfarm.dev/english/paypal/express/cancel/
            [GIROPAYSUCCESSURL] => http://greenfarm.dev/english/checkout/onepage/success/
            [BANKTXNPENDINGURL] => http://greenfarm.dev/english/checkout/onepage/success/
            [LOCALECODE] => en_US
            [ITEMAMT] => 55.00
            [TAXAMT] => 0.00
            [SHIPPINGAMT] => 5.00
            [L_NUMBER0] => acj0006s
            [L_NAME0] => Blue Horizons Bracelets
            [L_QTY0] => 1
            [L_AMT0] => 55.00
            [BUSINESS] => fuck you
            [NOTETEXT] => 
            [EMAIL] => phamcongtam231@gmail.com
            [FIRSTNAME] => cuc
            [LASTNAME] => cut
            [MIDDLENAME] => 
            [SALUTATION] => 
            [SUFFIX] => 
            [COUNTRYCODE] => VN
            [STATE] => Tan Binh
            [CITY] => HCm
            [STREET] => Hong Ha
            [ZIP] => 70000
            [PHONENUM] => 0987867352
            [SHIPTOCOUNTRYCODE] => VN
            [SHIPTOSTATE] => Tan Binh
            [SHIPTOCITY] => HCm
            [SHIPTOSTREET] => Hong Ha
            [SHIPTOZIP] => 70000
            [SHIPTOPHONENUM] => 0987867352
            [SHIPTOSTREET2] => 
            [STREET2] => 
            [SHIPTONAME] => cuc cut
            [ADDROVERRIDE] => 1
            [METHOD] => SetExpressCheckout
            [VERSION] => 72.0
            [USER] => ****
            [PWD] => ****
            [SIGNATURE] => ****
            [BUTTONSOURCE] => Magento_Cart_Community
        )

    [response] => Array
        (
            [TOKEN] => EC-0U151149C0360831F
            [TIMESTAMP] => 2017-09-28T08:09:31Z
            [CORRELATIONID] => 7087902829120
            [ACK] => Success
            [VERSION] => 72.0
            [BUILD] => 39073839
        )

    [__pid] => 9694
)

2017-09-28T08:14:04+00:00 DEBUG (7): Array
(
    [url] => https://api-3t.sandbox.paypal.com/nvp
    [SetExpressCheckout] => Array
        (
            [PAYMENTACTION] => Authorization
            [AMT] => 60.00
            [CURRENCYCODE] => USD
            [RETURNURL] => http://greenfarm.dev/english/paypal/express/return/
            [CANCELURL] => http://greenfarm.dev/english/paypal/express/cancel/
            [INVNUM] => 145000006
            [SOLUTIONTYPE] => Mark
            [GIROPAYCANCELURL] => http://greenfarm.dev/english/paypal/express/cancel/
            [GIROPAYSUCCESSURL] => http://greenfarm.dev/english/checkout/onepage/success/
            [BANKTXNPENDINGURL] => http://greenfarm.dev/english/checkout/onepage/success/
            [LOCALECODE] => en_US
            [ITEMAMT] => 55.00
            [TAXAMT] => 0.00
            [SHIPPINGAMT] => 5.00
            [L_NUMBER0] => acj0006s
            [L_NAME0] => Blue Horizons Bracelets
            [L_QTY0] => 1
            [L_AMT0] => 55.00
            [BUSINESS] => fuck you
            [NOTETEXT] => 
            [EMAIL] => phamcongtam231@gmail.com
            [FIRSTNAME] => cuc
            [LASTNAME] => cut
            [MIDDLENAME] => 
            [SALUTATION] => 
            [SUFFIX] => 
            [COUNTRYCODE] => VN
            [STATE] => Tan Binh
            [CITY] => HCm
            [STREET] => Hong Ha
            [ZIP] => 70000
            [PHONENUM] => 0987867352
            [SHIPTOCOUNTRYCODE] => VN
            [SHIPTOSTATE] => Tan Binh
            [SHIPTOCITY] => HCm
            [SHIPTOSTREET] => Hong Ha
            [SHIPTOZIP] => 70000
            [SHIPTOPHONENUM] => 0987867352
            [SHIPTOSTREET2] => 
            [STREET2] => 
            [SHIPTONAME] => cuc cut
            [ADDROVERRIDE] => 1
            [METHOD] => SetExpressCheckout
            [VERSION] => 72.0
            [USER] => ****
            [PWD] => ****
            [SIGNATURE] => ****
            [BUTTONSOURCE] => Magento_Cart_Community
        )

    [response] => Array
        (
            [TOKEN] => EC-0W822335570659717
            [TIMESTAMP] => 2017-09-28T08:14:04Z
            [CORRELATIONID] => e413e4ffa13d8
            [ACK] => Success
            [VERSION] => 72.0
            [BUILD] => 39073839
        )

    [__pid] => 9466
)

2017-09-28T08:51:50+00:00 DEBUG (7): Array
(
    [url] => https://api-3t.sandbox.paypal.com/nvp
    [SetExpressCheckout] => Array
        (
            [PAYMENTACTION] => Sale
            [AMT] => 60.00
            [CURRENCYCODE] => USD
            [RETURNURL] => http://greenfarm.dev/vietnamese/paypal/express/return/
            [CANCELURL] => http://greenfarm.dev/vietnamese/paypal/express/cancel/
            [INVNUM] => 145000006
            [SOLUTIONTYPE] => Mark
            [GIROPAYCANCELURL] => http://greenfarm.dev/vietnamese/paypal/express/cancel/
            [GIROPAYSUCCESSURL] => http://greenfarm.dev/vietnamese/checkout/onepage/success/
            [BANKTXNPENDINGURL] => http://greenfarm.dev/vietnamese/checkout/onepage/success/
            [LOCALECODE] => en_US
            [ITEMAMT] => 50.46
            [TAXAMT] => 4.54
            [SHIPPINGAMT] => 5.00
            [L_NUMBER0] => acj0006s
            [L_NAME0] => Blue Horizons Bracelets
            [L_QTY0] => 1
            [L_AMT0] => 55.00
            [BUSINESS] => 
            [NOTETEXT] => 
            [EMAIL] => adasdj@gmail.com
            [FIRSTNAME] => cuc
            [LASTNAME] => cut
            [MIDDLENAME] => 
            [SALUTATION] => 
            [SUFFIX] => 
            [COUNTRYCODE] => US
            [STATE] => AR
            [CITY] => tien giang
            [STREET] => hung hoa
            [ZIP] => 70000
            [PHONENUM] => 088343434
            [SHIPTOCOUNTRYCODE] => US
            [SHIPTOSTATE] => AR
            [SHIPTOCITY] => tien giang
            [SHIPTOSTREET] => hung hoa
            [SHIPTOZIP] => 70000
            [SHIPTOPHONENUM] => 088343434
            [SHIPTOSTREET2] => 
            [STREET2] => 
            [SHIPTONAME] => cuc cut
            [ADDROVERRIDE] => 1
            [METHOD] => SetExpressCheckout
            [VERSION] => 72.0
            [USER] => ****
            [PWD] => ****
            [SIGNATURE] => ****
            [BUTTONSOURCE] => Magento_Cart_Community
        )

    [response] => Array
        (
            [TIMESTAMP] => 2017-09-28T08:51:50Z
            [CORRELATIONID] => ddfe7565508a
            [ACK] => Failure
            [VERSION] => 72.0
            [BUILD] => 39073839
            [L_ERRORCODE0] => 10736
            [L_ERRORCODE1] => 10413
            [L_SHORTMESSAGE0] => Shipping Address Invalid City State Postal Code
            [L_SHORTMESSAGE1] => Transaction refused because of an invalid argument. See additional error messages for details.
            [L_LONGMESSAGE0] => A match of the Shipping Address City, State, and Postal Code failed.
            [L_LONGMESSAGE1] => The totals of the cart item amounts do not match order amounts.
            [L_SEVERITYCODE0] => Error
            [L_SEVERITYCODE1] => Error
        )

    [__pid] => 10664
)

2017-09-28T08:58:52+00:00 DEBUG (7): Array
(
    [url] => https://api-3t.sandbox.paypal.com/nvp
    [SetExpressCheckout] => Array
        (
            [PAYMENTACTION] => Sale
            [AMT] => 60.00
            [CURRENCYCODE] => USD
            [RETURNURL] => http://greenfarm.dev/vietnamese/paypal/express/return/
            [CANCELURL] => http://greenfarm.dev/vietnamese/paypal/express/cancel/
            [INVNUM] => 145000006
            [SOLUTIONTYPE] => Mark
            [GIROPAYCANCELURL] => http://greenfarm.dev/vietnamese/paypal/express/cancel/
            [GIROPAYSUCCESSURL] => http://greenfarm.dev/vietnamese/checkout/onepage/success/
            [BANKTXNPENDINGURL] => http://greenfarm.dev/vietnamese/checkout/onepage/success/
            [LOCALECODE] => en_US
            [ITEMAMT] => 55.00
            [TAXAMT] => 0.00
            [SHIPPINGAMT] => 5.00
            [L_NUMBER0] => acj0006s
            [L_NAME0] => Blue Horizons Bracelets
            [L_QTY0] => 1
            [L_AMT0] => 55.00
            [BUSINESS] => 
            [NOTETEXT] => 
            [EMAIL] => phamcongtam231@gmail.com
            [FIRSTNAME] => tam
            [LASTNAME] => pc
            [MIDDLENAME] => 
            [SALUTATION] => 
            [SUFFIX] => 
            [COUNTRYCODE] => VN
            [STATE] => 
            [CITY] => HCM
            [STREET] => tan binh
            [ZIP] => 70000
            [PHONENUM] => 0987867352
            [SHIPTOCOUNTRYCODE] => VN
            [SHIPTOSTATE] => 
            [SHIPTOCITY] => HCM
            [SHIPTOSTREET] => tan binh
            [SHIPTOZIP] => 70000
            [SHIPTOPHONENUM] => 0987867352
            [SHIPTOSTREET2] => 
            [STREET2] => 
            [SHIPTONAME] => tam pc
            [ADDROVERRIDE] => 1
            [METHOD] => SetExpressCheckout
            [VERSION] => 72.0
            [USER] => ****
            [PWD] => ****
            [SIGNATURE] => ****
            [BUTTONSOURCE] => Magento_Cart_Community
        )

    [response] => Array
        (
            [TOKEN] => EC-7WS97002BW4371457
            [TIMESTAMP] => 2017-09-28T08:58:52Z
            [CORRELATIONID] => cfb0e9307ba83
            [ACK] => Success
            [VERSION] => 72.0
            [BUILD] => 39073839
        )

    [__pid] => 9536
)

2017-09-28T09:32:34+00:00 DEBUG (7): Array
(
    [url] => https://api-3t.sandbox.paypal.com/nvp
    [SetExpressCheckout] => Array
        (
            [PAYMENTACTION] => Sale
            [AMT] => 60.00
            [CURRENCYCODE] => USD
            [RETURNURL] => http://greenfarm.dev/vietnamese/paypal/express/return/
            [CANCELURL] => http://greenfarm.dev/vietnamese/paypal/express/cancel/
            [INVNUM] => 145000006
            [SOLUTIONTYPE] => Mark
            [GIROPAYCANCELURL] => http://greenfarm.dev/vietnamese/paypal/express/cancel/
            [GIROPAYSUCCESSURL] => http://greenfarm.dev/vietnamese/checkout/onepage/success/
            [BANKTXNPENDINGURL] => http://greenfarm.dev/vietnamese/checkout/onepage/success/
            [LOCALECODE] => en_US
            [ITEMAMT] => 55.00
            [TAXAMT] => 0.00
            [SHIPPINGAMT] => 5.00
            [L_NUMBER0] => acj0006s
            [L_NAME0] => Blue Horizons Bracelets
            [L_QTY0] => 1
            [L_AMT0] => 55.00
            [BUSINESS] => 
            [NOTETEXT] => 
            [EMAIL] => tampc@smartosc.com
            [FIRSTNAME] => cuc
            [LASTNAME] => cut
            [MIDDLENAME] => 
            [SALUTATION] => 
            [SUFFIX] => 
            [COUNTRYCODE] => VN
            [STATE] => 
            [CITY] => HCm
            [STREET] => Hong hoa
            [ZIP] => 70000
            [PHONENUM] => 0987867352
            [SHIPTOCOUNTRYCODE] => VN
            [SHIPTOSTATE] => 
            [SHIPTOCITY] => HCm
            [SHIPTOSTREET] => Hong hoa
            [SHIPTOZIP] => 70000
            [SHIPTOPHONENUM] => 0987867352
            [SHIPTOSTREET2] => 
            [STREET2] => 
            [SHIPTONAME] => cuc cut
            [ADDROVERRIDE] => 1
            [METHOD] => SetExpressCheckout
            [VERSION] => 72.0
            [USER] => ****
            [PWD] => ****
            [SIGNATURE] => ****
            [BUTTONSOURCE] => Magento_Cart_Community
        )

    [response] => Array
        (
            [TOKEN] => EC-9LP02761CX898503F
            [TIMESTAMP] => 2017-09-28T09:32:33Z
            [CORRELATIONID] => 829dab458d28b
            [ACK] => Success
            [VERSION] => 72.0
            [BUILD] => 39073839
        )

    [__pid] => 9742
)

2017-09-28T09:39:11+00:00 DEBUG (7): Array
(
    [url] => https://api-3t.sandbox.paypal.com/nvp
    [SetExpressCheckout] => Array
        (
            [PAYMENTACTION] => Sale
            [AMT] => 60.00
            [CURRENCYCODE] => USD
            [RETURNURL] => http://greenfarm.dev/vietnamese/paypal/express/return/
            [CANCELURL] => http://greenfarm.dev/vietnamese/paypal/express/cancel/
            [INVNUM] => 145000006
            [SOLUTIONTYPE] => Mark
            [GIROPAYCANCELURL] => http://greenfarm.dev/vietnamese/paypal/express/cancel/
            [GIROPAYSUCCESSURL] => http://greenfarm.dev/vietnamese/checkout/onepage/success/
            [BANKTXNPENDINGURL] => http://greenfarm.dev/vietnamese/checkout/onepage/success/
            [LOCALECODE] => en_US
            [ITEMAMT] => 50.46
            [TAXAMT] => 4.54
            [SHIPPINGAMT] => 5.00
            [L_NUMBER0] => acj0006s
            [L_NAME0] => Blue Horizons Bracelets
            [L_QTY0] => 1
            [L_AMT0] => 55.00
            [BUSINESS] => 
            [NOTETEXT] => 
            [EMAIL] => osc@gmail.com
            [FIRSTNAME] => cuc
            [LASTNAME] => cut4
            [MIDDLENAME] => 
            [SALUTATION] => 
            [SUFFIX] => 
            [COUNTRYCODE] => US
            [STATE] => AL
            [CITY] => HCM
            [STREET] => Hong ha
            [ZIP] => 1234
            [PHONENUM] => 0987867352
            [SHIPTOCOUNTRYCODE] => US
            [SHIPTOSTATE] => AL
            [SHIPTOCITY] => HCM
            [SHIPTOSTREET] => Hong ha
            [SHIPTOZIP] => 1234
            [SHIPTOPHONENUM] => 0987867352
            [SHIPTOSTREET2] => 
            [STREET2] => 
            [SHIPTONAME] => cuc cut4
            [ADDROVERRIDE] => 1
            [METHOD] => SetExpressCheckout
            [VERSION] => 72.0
            [USER] => ****
            [PWD] => ****
            [SIGNATURE] => ****
            [BUTTONSOURCE] => Magento_Cart_Community
        )

    [response] => Array
        (
            [TIMESTAMP] => 2017-09-28T09:39:11Z
            [CORRELATIONID] => 68dde7e94d841
            [ACK] => Failure
            [VERSION] => 72.0
            [BUILD] => 39073839
            [L_ERRORCODE0] => 10736
            [L_ERRORCODE1] => 10413
            [L_SHORTMESSAGE0] => Shipping Address Invalid City State Postal Code
            [L_SHORTMESSAGE1] => Transaction refused because of an invalid argument. See additional error messages for details.
            [L_LONGMESSAGE0] => A match of the Shipping Address City, State, and Postal Code failed.
            [L_LONGMESSAGE1] => The totals of the cart item amounts do not match order amounts.
            [L_SEVERITYCODE0] => Error
            [L_SEVERITYCODE1] => Error
        )

    [__pid] => 9466
)

2017-09-28T10:38:40+00:00 DEBUG (7): Array
(
    [url] => https://api-3t.sandbox.paypal.com/nvp
    [SetExpressCheckout] => Array
        (
            [PAYMENTACTION] => Sale
            [AMT] => 60.00
            [CURRENCYCODE] => USD
            [RETURNURL] => http://greenfarm.dev/vietnamese/paypal/express/return/
            [CANCELURL] => http://greenfarm.dev/vietnamese/paypal/express/cancel/
            [INVNUM] => 145000006
            [SOLUTIONTYPE] => Mark
            [GIROPAYCANCELURL] => http://greenfarm.dev/vietnamese/paypal/express/cancel/
            [GIROPAYSUCCESSURL] => http://greenfarm.dev/vietnamese/checkout/onepage/success/
            [BANKTXNPENDINGURL] => http://greenfarm.dev/vietnamese/checkout/onepage/success/
            [LOCALECODE] => en_US
            [ITEMAMT] => 50.46
            [TAXAMT] => 4.54
            [SHIPPINGAMT] => 5.00
            [L_NUMBER0] => acj0006s
            [L_NAME0] => Blue Horizons Bracelets
            [L_QTY0] => 1
            [L_AMT0] => 55.00
            [BUSINESS] => 
            [NOTETEXT] => 
            [EMAIL] => osc@gmail.com
            [FIRSTNAME] => cuc
            [LASTNAME] => cut
            [MIDDLENAME] => 
            [SALUTATION] => 
            [SUFFIX] => 
            [COUNTRYCODE] => US
            [STATE] => TX
            [CITY] => Austin
            [STREET] => Hong ha
            [ZIP] => 73301
            [PHONENUM] => 088343434
            [SHIPTOCOUNTRYCODE] => US
            [SHIPTOSTATE] => TX
            [SHIPTOCITY] => Austin
            [SHIPTOSTREET] => Hong ha
            [SHIPTOZIP] => 73301
            [SHIPTOPHONENUM] => 088343434
            [SHIPTOSTREET2] => 
            [STREET2] => 
            [SHIPTONAME] => cuc cut
            [ADDROVERRIDE] => 1
            [METHOD] => SetExpressCheckout
            [VERSION] => 72.0
            [USER] => ****
            [PWD] => ****
            [SIGNATURE] => ****
            [BUTTONSOURCE] => Magento_Cart_Community
        )

    [response] => Array
        (
            [TIMESTAMP] => 2017-09-28T10:38:40Z
            [CORRELATIONID] => 27b2fb28e72ae
            [ACK] => Failure
            [VERSION] => 72.0
            [BUILD] => 39073839
            [L_ERRORCODE0] => 10413
            [L_SHORTMESSAGE0] => Transaction refused because of an invalid argument. See additional error messages for details.
            [L_LONGMESSAGE0] => The totals of the cart item amounts do not match order amounts.
            [L_SEVERITYCODE0] => Error
        )

    [__pid] => 9717
)

2017-09-28T10:40:37+00:00 DEBUG (7): Array
(
    [url] => https://api-3t.sandbox.paypal.com/nvp
    [SetExpressCheckout] => Array
        (
            [PAYMENTACTION] => Sale
            [AMT] => 60.00
            [CURRENCYCODE] => USD
            [RETURNURL] => http://greenfarm.dev/vietnamese/paypal/express/return/
            [CANCELURL] => http://greenfarm.dev/vietnamese/paypal/express/cancel/
            [INVNUM] => 145000006
            [SOLUTIONTYPE] => Mark
            [GIROPAYCANCELURL] => http://greenfarm.dev/vietnamese/paypal/express/cancel/
            [GIROPAYSUCCESSURL] => http://greenfarm.dev/vietnamese/checkout/onepage/success/
            [BANKTXNPENDINGURL] => http://greenfarm.dev/vietnamese/checkout/onepage/success/
            [LOCALECODE] => en_US
            [ITEMAMT] => 55.00
            [TAXAMT] => 0.00
            [SHIPPINGAMT] => 5.00
            [L_NUMBER0] => acj0006s
            [L_NAME0] => Blue Horizons Bracelets
            [L_QTY0] => 1
            [L_AMT0] => 55.00
            [BUSINESS] => 
            [NOTETEXT] => 
            [EMAIL] => phamcongtam231@gmail.com
            [FIRSTNAME] => cuc
            [LASTNAME] => cut
            [MIDDLENAME] => 
            [SALUTATION] => 
            [SUFFIX] => 
            [COUNTRYCODE] => VN
            [STATE] => 
            [CITY] => HCM
            [STREET] => hung hoa
            [ZIP] => 70000
            [PHONENUM] => 0987867352
            [SHIPTOCOUNTRYCODE] => VN
            [SHIPTOSTATE] => 
            [SHIPTOCITY] => HCM
            [SHIPTOSTREET] => hung hoa
            [SHIPTOZIP] => 70000
            [SHIPTOPHONENUM] => 0987867352
            [SHIPTOSTREET2] => 
            [STREET2] => 
            [SHIPTONAME] => cuc cut
            [ADDROVERRIDE] => 1
            [METHOD] => SetExpressCheckout
            [VERSION] => 72.0
            [USER] => ****
            [PWD] => ****
            [SIGNATURE] => ****
            [BUTTONSOURCE] => Magento_Cart_Community
        )

    [response] => Array
        (
            [TOKEN] => EC-35B83117PT564934B
            [TIMESTAMP] => 2017-09-28T10:40:37Z
            [CORRELATIONID] => 6511e501290cf
            [ACK] => Success
            [VERSION] => 72.0
            [BUILD] => 39073839
        )

    [__pid] => 9536
)

2017-09-28T10:51:40+00:00 DEBUG (7): Array
(
    [url] => https://api-3t.sandbox.paypal.com/nvp
    [SetExpressCheckout] => Array
        (
            [PAYMENTACTION] => Sale
            [AMT] => 570.00
            [CURRENCYCODE] => USD
            [RETURNURL] => http://greenfarm.dev/vietnamese/paypal/express/return/
            [CANCELURL] => http://greenfarm.dev/vietnamese/paypal/express/cancel/
            [INVNUM] => 600000001
            [SOLUTIONTYPE] => Mark
            [GIROPAYCANCELURL] => http://greenfarm.dev/vietnamese/paypal/express/cancel/
            [GIROPAYSUCCESSURL] => http://greenfarm.dev/vietnamese/checkout/onepage/success/
            [BANKTXNPENDINGURL] => http://greenfarm.dev/vietnamese/checkout/onepage/success/
            [LOCALECODE] => en_US
            [ITEMAMT] => 570.00
            [TAXAMT] => 0.00
            [SHIPPINGAMT] => 0.00
            [L_NUMBER0] => abl003
            [L_NAME0] => Broad St. Flapover Briefcase
            [L_QTY0] => 1
            [L_AMT0] => 570.00
            [L_NUMBER1] => 
            [L_NAME1] => Discount
            [L_QTY1] => 1
            [L_AMT1] => -50.00
            [BUSINESS] => 
            [NOTETEXT] => 
            [EMAIL] => phamcongtam231@gmail.com
            [FIRSTNAME] => tam
            [LASTNAME] => pc
            [MIDDLENAME] => 
            [SALUTATION] => 
            [SUFFIX] => 
            [COUNTRYCODE] => VN
            [STATE] => 
            [CITY] => HCM
            [STREET] => Hong Ha
            [ZIP] => 70000
            [PHONENUM] => 0987867352
            [SHIPTOCOUNTRYCODE] => VN
            [SHIPTOSTATE] => 
            [SHIPTOCITY] => HCM
            [SHIPTOSTREET] => Hong Ha
            [SHIPTOZIP] => 70000
            [SHIPTOPHONENUM] => 0987867352
            [SHIPTOSTREET2] => 
            [STREET2] => 
            [SHIPTONAME] => tam pc
            [ADDROVERRIDE] => 1
            [METHOD] => SetExpressCheckout
            [VERSION] => 72.0
            [USER] => ****
            [PWD] => ****
            [SIGNATURE] => ****
            [BUTTONSOURCE] => Magento_Cart_Community
        )

    [response] => Array
        (
            [TIMESTAMP] => 2017-09-28T10:51:39Z
            [CORRELATIONID] => b662f1259b4bc
            [ACK] => Failure
            [VERSION] => 72.0
            [BUILD] => 39073839
            [L_ERRORCODE0] => 10413
            [L_SHORTMESSAGE0] => Transaction refused because of an invalid argument. See additional error messages for details.
            [L_LONGMESSAGE0] => The totals of the cart item amounts do not match order amounts.
            [L_SEVERITYCODE0] => Error
        )

    [__pid] => 9536
)

2017-09-28T10:59:00+00:00 DEBUG (7): Array
(
    [url] => https://api-3t.sandbox.paypal.com/nvp
    [SetExpressCheckout] => Array
        (
            [PAYMENTACTION] => Sale
            [AMT] => 145.00
            [CURRENCYCODE] => USD
            [RETURNURL] => http://greenfarm.dev/vietnamese/paypal/express/return/
            [CANCELURL] => http://greenfarm.dev/vietnamese/paypal/express/cancel/
            [INVNUM] => 600000001
            [SOLUTIONTYPE] => Mark
            [GIROPAYCANCELURL] => http://greenfarm.dev/vietnamese/paypal/express/cancel/
            [GIROPAYSUCCESSURL] => http://greenfarm.dev/vietnamese/checkout/onepage/success/
            [BANKTXNPENDINGURL] => http://greenfarm.dev/vietnamese/checkout/onepage/success/
            [LOCALECODE] => en_US
            [ITEMAMT] => 140.00
            [TAXAMT] => 0.00
            [SHIPPINGAMT] => 5.00
            [L_NUMBER0] => msj003xs
            [L_NAME0] => Slim fit Dobby Oxford Shirt
            [L_QTY0] => 1
            [L_AMT0] => 140.00
            [BUSINESS] => 
            [NOTETEXT] => 
            [EMAIL] => phamcongtam231@gmail.com
            [FIRSTNAME] => tan
            [LASTNAME] => pc
            [MIDDLENAME] => 
            [SALUTATION] => 
            [SUFFIX] => 
            [COUNTRYCODE] => VN
            [STATE] => Tan Binh
            [CITY] => HCM
            [STREET] => HOng Ha
            [ZIP] => 70000
            [PHONENUM] => 0987867352
            [SHIPTOCOUNTRYCODE] => VN
            [SHIPTOSTATE] => Tan Binh
            [SHIPTOCITY] => HCM
            [SHIPTOSTREET] => HOng Ha
            [SHIPTOZIP] => 70000
            [SHIPTOPHONENUM] => 0987867352
            [SHIPTOSTREET2] => 
            [STREET2] => 
            [SHIPTONAME] => tan pc
            [ADDROVERRIDE] => 1
            [METHOD] => SetExpressCheckout
            [VERSION] => 72.0
            [USER] => ****
            [PWD] => ****
            [SIGNATURE] => ****
            [BUTTONSOURCE] => Magento_Cart_Community
        )

    [response] => Array
        (
            [TOKEN] => EC-5RS91699R4213594C
            [TIMESTAMP] => 2017-09-28T10:59:00Z
            [CORRELATIONID] => 57d08ead2d
            [ACK] => Success
            [VERSION] => 72.0
            [BUILD] => 39073839
        )

    [__pid] => 11580
)

2017-09-28T11:03:12+00:00 DEBUG (7): Array
(
    [url] => https://api-3t.sandbox.paypal.com/nvp
    [SetExpressCheckout] => Array
        (
            [PAYMENTACTION] => Sale
            [AMT] => 145.00
            [CURRENCYCODE] => USD
            [RETURNURL] => http://greenfarm.dev/vietnamese/paypal/express/return/
            [CANCELURL] => http://greenfarm.dev/vietnamese/paypal/express/cancel/
            [INVNUM] => 600000001
            [SOLUTIONTYPE] => Mark
            [GIROPAYCANCELURL] => http://greenfarm.dev/vietnamese/paypal/express/cancel/
            [GIROPAYSUCCESSURL] => http://greenfarm.dev/vietnamese/checkout/onepage/success/
            [BANKTXNPENDINGURL] => http://greenfarm.dev/vietnamese/checkout/onepage/success/
            [LOCALECODE] => en_US
            [ITEMAMT] => 140.00
            [TAXAMT] => 0.00
            [SHIPPINGAMT] => 5.00
            [L_NUMBER0] => msj003xs
            [L_NAME0] => Slim fit Dobby Oxford Shirt
            [L_QTY0] => 1
            [L_AMT0] => 140.00
            [BUSINESS] => 
            [NOTETEXT] => 
            [EMAIL] => tampc@osc.com
            [FIRSTNAME] => Tam
            [LASTNAME] => pc
            [MIDDLENAME] => 
            [SALUTATION] => 
            [SUFFIX] => 
            [COUNTRYCODE] => VN
            [STATE] => Tan Binh
            [CITY] => Hcm
            [STREET] => Hong Ha
            [ZIP] => 70000
            [PHONENUM] => 0961896839
            [SHIPTOCOUNTRYCODE] => VN
            [SHIPTOSTATE] => Tan Binh
            [SHIPTOCITY] => Hcm
            [SHIPTOSTREET] => Hong Ha
            [SHIPTOZIP] => 70000
            [SHIPTOPHONENUM] => 0961896839
            [SHIPTOSTREET2] => 
            [STREET2] => 
            [SHIPTONAME] => Tam pc
            [ADDROVERRIDE] => 1
            [METHOD] => SetExpressCheckout
            [VERSION] => 72.0
            [USER] => ****
            [PWD] => ****
            [SIGNATURE] => ****
            [BUTTONSOURCE] => Magento_Cart_Community
        )

    [response] => Array
        (
            [TOKEN] => EC-75X71326E7075492X
            [TIMESTAMP] => 2017-09-28T11:03:12Z
            [CORRELATIONID] => 367576e7a6151
            [ACK] => Success
            [VERSION] => 72.0
            [BUILD] => 39073839
        )

    [__pid] => 11580
)

2017-09-28T11:23:41+00:00 DEBUG (7): Array
(
    [url] => https://api-3t.sandbox.paypal.com/nvp
    [SetExpressCheckout] => Array
        (
            [PAYMENTACTION] => Sale
            [AMT] => 145.00
            [CURRENCYCODE] => USD
            [RETURNURL] => http://greenfarm.dev/vietnamese/paypal/express/return/
            [CANCELURL] => http://greenfarm.dev/vietnamese/paypal/express/cancel/
            [INVNUM] => 600000001
            [SOLUTIONTYPE] => Mark
            [GIROPAYCANCELURL] => http://greenfarm.dev/vietnamese/paypal/express/cancel/
            [GIROPAYSUCCESSURL] => http://greenfarm.dev/vietnamese/checkout/onepage/success/
            [BANKTXNPENDINGURL] => http://greenfarm.dev/vietnamese/checkout/onepage/success/
            [LOCALECODE] => en_US
            [BILLINGTYPE] => MerchantInitiatedBilling
            [ITEMAMT] => 140.00
            [TAXAMT] => 0.00
            [SHIPPINGAMT] => 5.00
            [L_NUMBER0] => msj003xs
            [L_NAME0] => Slim fit Dobby Oxford Shirt
            [L_QTY0] => 1
            [L_AMT0] => 140.00
            [BUSINESS] => 
            [NOTETEXT] => 
            [EMAIL] => tampc@osc.com
            [FIRSTNAME] => Tam
            [LASTNAME] => pc
            [MIDDLENAME] => 
            [SALUTATION] => 
            [SUFFIX] => 
            [COUNTRYCODE] => VN
            [STATE] => Tan Binh
            [CITY] => Hcm
            [STREET] => Hong Ha
            [ZIP] => 70000
            [PHONENUM] => 0961896839
            [SHIPTOCOUNTRYCODE] => VN
            [SHIPTOSTATE] => Tan Binh
            [SHIPTOCITY] => Hcm
            [SHIPTOSTREET] => Hong Ha
            [SHIPTOZIP] => 70000
            [SHIPTOPHONENUM] => 0961896839
            [SHIPTOSTREET2] => 
            [STREET2] => 
            [SHIPTONAME] => Tam pc
            [ADDROVERRIDE] => 1
            [METHOD] => SetExpressCheckout
            [VERSION] => 72.0
            [USER] => ****
            [PWD] => ****
            [SIGNATURE] => ****
            [BUTTONSOURCE] => Magento_Cart_Community
        )

    [response] => Array
        (
            [TOKEN] => EC-3BR40806L2426651E
            [TIMESTAMP] => 2017-09-28T11:23:41Z
            [CORRELATIONID] => 1fb0ec1d3a1cf
            [ACK] => Success
            [VERSION] => 72.0
            [BUILD] => 39073839
        )

    [__pid] => 9536
)

2017-09-29T03:21:29+00:00 DEBUG (7): Array
(
    [url] => https://api-3t.sandbox.paypal.com/nvp
    [SetExpressCheckout] => Array
        (
            [PAYMENTACTION] => Sale
            [AMT] => 290.00
            [CURRENCYCODE] => USD
            [RETURNURL] => http://greenfarm.dev/vietnamese/paypal/express/return/
            [CANCELURL] => http://greenfarm.dev/vietnamese/paypal/express/cancel/
            [INVNUM] => 600000001
            [SOLUTIONTYPE] => Mark
            [GIROPAYCANCELURL] => http://greenfarm.dev/vietnamese/paypal/express/cancel/
            [GIROPAYSUCCESSURL] => http://greenfarm.dev/vietnamese/checkout/onepage/success/
            [BANKTXNPENDINGURL] => http://greenfarm.dev/vietnamese/checkout/onepage/success/
            [LOCALECODE] => en_US
            [ITEMAMT] => 280.00
            [TAXAMT] => 0.00
            [SHIPPINGAMT] => 10.00
            [L_NUMBER0] => msj003xs
            [L_NAME0] => Slim fit Dobby Oxford Shirt
            [L_QTY0] => 2
            [L_AMT0] => 140.00
            [BUSINESS] => 
            [NOTETEXT] => 
            [EMAIL] => tampc@osc.com
            [FIRSTNAME] => Tam
            [LASTNAME] => pc
            [MIDDLENAME] => 
            [SALUTATION] => 
            [SUFFIX] => 
            [COUNTRYCODE] => VN
            [STATE] => Tan Binh
            [CITY] => Hcm
            [STREET] => Hong Ha
            [ZIP] => 70000
            [PHONENUM] => 0961896839
            [SHIPTOCOUNTRYCODE] => VN
            [SHIPTOSTATE] => Tan Binh
            [SHIPTOCITY] => Hcm
            [SHIPTOSTREET] => Hong Ha
            [SHIPTOZIP] => 70000
            [SHIPTOPHONENUM] => 0961896839
            [SHIPTOSTREET2] => 
            [STREET2] => 
            [SHIPTONAME] => Tam pc
            [ADDROVERRIDE] => 1
            [METHOD] => SetExpressCheckout
            [VERSION] => 72.0
            [USER] => ****
            [PWD] => ****
            [SIGNATURE] => ****
            [BUTTONSOURCE] => Magento_Cart_Community
        )

    [response] => Array
        (
            [TOKEN] => EC-93222495B27093359
            [TIMESTAMP] => 2017-09-29T03:21:29Z
            [CORRELATIONID] => 2c3d967915319
            [ACK] => Success
            [VERSION] => 72.0
            [BUILD] => 39073839
        )

    [__pid] => 11577
)

2017-09-29T03:37:14+00:00 DEBUG (7): Array
(
    [url] => https://api-3t.sandbox.paypal.com/nvp
    [SetExpressCheckout] => Array
        (
            [PAYMENTACTION] => Sale
            [AMT] => 145.00
            [CURRENCYCODE] => USD
            [RETURNURL] => http://greenfarm.dev/vietnamese/paypal/express/return/
            [CANCELURL] => http://greenfarm.dev/vietnamese/paypal/express/cancel/
            [INVNUM] => 600000001
            [SOLUTIONTYPE] => Mark
            [GIROPAYCANCELURL] => http://greenfarm.dev/vietnamese/paypal/express/cancel/
            [GIROPAYSUCCESSURL] => http://greenfarm.dev/vietnamese/checkout/onepage/success/
            [BANKTXNPENDINGURL] => http://greenfarm.dev/vietnamese/checkout/onepage/success/
            [LOCALECODE] => en_US
            [ITEMAMT] => 140.00
            [TAXAMT] => 0.00
            [SHIPPINGAMT] => 5.00
            [L_NUMBER0] => msj003xs
            [L_NAME0] => Slim fit Dobby Oxford Shirt
            [L_QTY0] => 1
            [L_AMT0] => 140.00
            [BUSINESS] => 
            [NOTETEXT] => 
            [EMAIL] => tampc@osc.com
            [FIRSTNAME] => Tam
            [LASTNAME] => pc
            [MIDDLENAME] => 
            [SALUTATION] => 
            [SUFFIX] => 
            [COUNTRYCODE] => VN
            [STATE] => Tan Binh
            [CITY] => Hcm
            [STREET] => Hong Ha
            [ZIP] => 70000
            [PHONENUM] => 0961896839
            [SHIPTOCOUNTRYCODE] => VN
            [SHIPTOSTATE] => Tan Binh
            [SHIPTOCITY] => Hcm
            [SHIPTOSTREET] => Hong Ha
            [SHIPTOZIP] => 70000
            [SHIPTOPHONENUM] => 0961896839
            [SHIPTOSTREET2] => 
            [STREET2] => 
            [SHIPTONAME] => Tam pc
            [ADDROVERRIDE] => 1
            [METHOD] => SetExpressCheckout
            [VERSION] => 72.0
            [USER] => ****
            [PWD] => ****
            [SIGNATURE] => ****
            [BUTTONSOURCE] => Magento_Cart_Community
        )

    [response] => Array
        (
            [TOKEN] => EC-7NK57877V12310344
            [TIMESTAMP] => 2017-09-29T03:37:14Z
            [CORRELATIONID] => bbcd951de86b4
            [ACK] => Success
            [VERSION] => 72.0
            [BUILD] => 39073839
        )

    [__pid] => 12220
)

2017-09-29T03:40:49+00:00 DEBUG (7): Array
(
    [url] => https://api-3t.sandbox.paypal.com/nvp
    [SetExpressCheckout] => Array
        (
            [PAYMENTACTION] => Sale
            [AMT] => 145.00
            [CURRENCYCODE] => USD
            [RETURNURL] => http://greenfarm.dev/vietnamese/paypal/express/return/
            [CANCELURL] => http://greenfarm.dev/vietnamese/paypal/express/cancel/
            [INVNUM] => 600000001
            [SOLUTIONTYPE] => Mark
            [GIROPAYCANCELURL] => http://greenfarm.dev/vietnamese/paypal/express/cancel/
            [GIROPAYSUCCESSURL] => http://greenfarm.dev/vietnamese/checkout/onepage/success/
            [BANKTXNPENDINGURL] => http://greenfarm.dev/vietnamese/checkout/onepage/success/
            [LOCALECODE] => en_US
            [ITEMAMT] => 140.00
            [TAXAMT] => 0.00
            [SHIPPINGAMT] => 5.00
            [L_NUMBER0] => msj003xs
            [L_NAME0] => Slim fit Dobby Oxford Shirt
            [L_QTY0] => 1
            [L_AMT0] => 140.00
            [BUSINESS] => 
            [NOTETEXT] => 
            [EMAIL] => tampc@osc.com
            [FIRSTNAME] => Tam
            [LASTNAME] => pc
            [MIDDLENAME] => 
            [SALUTATION] => 
            [SUFFIX] => 
            [COUNTRYCODE] => VN
            [STATE] => Tan Binh
            [CITY] => Hcm
            [STREET] => Hong Ha
            [ZIP] => 70000
            [PHONENUM] => 0961896839
            [SHIPTOCOUNTRYCODE] => VN
            [SHIPTOSTATE] => Tan Binh
            [SHIPTOCITY] => Hcm
            [SHIPTOSTREET] => Hong Ha
            [SHIPTOZIP] => 70000
            [SHIPTOPHONENUM] => 0961896839
            [SHIPTOSTREET2] => 
            [STREET2] => 
            [SHIPTONAME] => Tam pc
            [ADDROVERRIDE] => 1
            [METHOD] => SetExpressCheckout
            [VERSION] => 72.0
            [USER] => ****
            [PWD] => ****
            [SIGNATURE] => ****
            [BUTTONSOURCE] => Magento_Cart_Community
        )

    [response] => Array
        (
            [TOKEN] => EC-5AY2015401923273V
            [TIMESTAMP] => 2017-09-29T03:40:48Z
            [CORRELATIONID] => 4b1cd2f94f978
            [ACK] => Success
            [VERSION] => 72.0
            [BUILD] => 39073839
        )

    [__pid] => 12222
)

2017-09-29T03:47:15+00:00 DEBUG (7): Array
(
    [url] => https://api-3t.sandbox.paypal.com/nvp
    [SetExpressCheckout] => Array
        (
            [PAYMENTACTION] => Sale
            [AMT] => 145.00
            [CURRENCYCODE] => USD
            [RETURNURL] => http://greenfarm.dev/vietnamese/paypal/express/return/
            [CANCELURL] => http://greenfarm.dev/vietnamese/paypal/express/cancel/
            [INVNUM] => 600000001
            [SOLUTIONTYPE] => Mark
            [GIROPAYCANCELURL] => http://greenfarm.dev/vietnamese/paypal/express/cancel/
            [GIROPAYSUCCESSURL] => http://greenfarm.dev/vietnamese/checkout/onepage/success/
            [BANKTXNPENDINGURL] => http://greenfarm.dev/vietnamese/checkout/onepage/success/
            [LOCALECODE] => en_US
            [ITEMAMT] => 140.00
            [TAXAMT] => 0.00
            [SHIPPINGAMT] => 5.00
            [L_NUMBER0] => msj003xs
            [L_NAME0] => Slim fit Dobby Oxford Shirt
            [L_QTY0] => 1
            [L_AMT0] => 140.00
            [BUSINESS] => 
            [NOTETEXT] => 
            [EMAIL] => tampc@osc.com
            [FIRSTNAME] => Tam
            [LASTNAME] => pc
            [MIDDLENAME] => 
            [SALUTATION] => 
            [SUFFIX] => 
            [COUNTRYCODE] => VN
            [STATE] => Tan Binh
            [CITY] => Hcm
            [STREET] => Hong Ha
            [ZIP] => 70000
            [PHONENUM] => 0961896839
            [SHIPTOCOUNTRYCODE] => VN
            [SHIPTOSTATE] => Tan Binh
            [SHIPTOCITY] => Hcm
            [SHIPTOSTREET] => Hong Ha
            [SHIPTOZIP] => 70000
            [SHIPTOPHONENUM] => 0961896839
            [SHIPTOSTREET2] => 
            [STREET2] => 
            [SHIPTONAME] => Tam pc
            [ADDROVERRIDE] => 1
            [METHOD] => SetExpressCheckout
            [VERSION] => 72.0
            [USER] => ****
            [PWD] => ****
            [SIGNATURE] => ****
            [BUTTONSOURCE] => Magento_Cart_Community
        )

    [response] => Array
        (
            [TOKEN] => EC-1SR88423YS1368409
            [TIMESTAMP] => 2017-09-29T03:47:15Z
            [CORRELATIONID] => ae0b90c29d4
            [ACK] => Success
            [VERSION] => 72.0
            [BUILD] => 39073839
        )

    [__pid] => 11496
)

